<?xml version="1.0" encoding="UTF-8"?>
<!-- Generated by org.testng.reporters.JUnitReportReporter -->
<testsuite name="AutomationSolutionz.Interview.testcases" tests="1" time="0.280" ignored="0" failures="0" timestamp="04 Mar 2023 15:29:00 GMT" skipped="0" hostname="BS654" errors="0">
  <testcase name="reg_Positive" time="0.280" classname="AutomationSolutionz.Interview.testcases"/>
</testsuite> <!-- AutomationSolutionz.Interview.testcases -->
